<?xml version="1.0" encoding="UTF-8"?>
<!-- Generated by org.testng.reporters.JUnitXMLReporter -->
<testsuite ignored="0" hostname="JOGM01T0NJ" failures="0" tests="5" name="Surefire test" time="80.765" errors="0" timestamp="2024-04-13T20:27:10 AST">
  <testcase classname="com.Freshness.HomePageTests.HomePageTest" name="createNewProduct" time="7.835"/>
  <testcase classname="com.Freshness.HomePageTests.HomePageTest" name="editeProduct" time="8.08"/>
  <testcase classname="com.Freshness.HomePageTests.HomePageTest" name="deleteProduct" time="4.524"/>
  <testcase classname="com.Freshness.HomePageTests.HomePageTest" name="searchForOneProduct" time="5.4"/>
  <testcase classname="com.Freshness.HomePageTests.HomePageTest" name="searchproduct" time="5.434"/>
</testsuite> <!-- Surefire test -->
