<?xml version="1.0" encoding="UTF-8"?>
<!-- Generated by org.testng.reporters.JUnitXMLReporter -->
<testsuite ignored="0" hostname="DESKTOP-2IPOH7J" failures="0" tests="5" name="Surefire test" time="67.993" errors="0" timestamp="2024-03-23T00:05:00 AST">
  <testcase classname="com.Freshness.HomePageTests.HomePageTest" name="createNewProduct" time="16.822"/>
  <testcase classname="com.Freshness.HomePageTests.HomePageTest" name="editeProduct" time="23.881"/>
  <testcase classname="com.Freshness.HomePageTests.HomePageTest" name="deleteProduct" time="6.21"/>
  <testcase classname="com.Freshness.HomePageTests.HomePageTest" name="searchForOneProduct" time="5.379"/>
  <testcase classname="com.Freshness.HomePageTests.HomePageTest" name="searchproduct" time="5.405"/>
</testsuite> <!-- Surefire test -->
