<?xml version="1.0" encoding="UTF-8"?>
<!-- Generated by org.testng.reporters.JUnitXMLReporter -->
<testsuite ignored="0" hostname="JOGM01T0NJ" failures="0" tests="5" name="Default test" time="79.791" errors="0" timestamp="2024-04-12T01:59:47 AST">
  <testcase classname="com.Freshness.HomePageTests.HomePageTest" name="createNewProduct" time="3.733"/>
  <testcase classname="com.Freshness.HomePageTests.HomePageTest" name="editeProduct" time="9.159"/>
  <testcase classname="com.Freshness.HomePageTests.HomePageTest" name="deleteProduct" time="4.16"/>
  <testcase classname="com.Freshness.HomePageTests.HomePageTest" name="searchForOneProduct" time="5.79"/>
  <testcase classname="com.Freshness.HomePageTests.HomePageTest" name="searchproduct" time="5.645"/>
</testsuite> <!-- Default test -->
