<?xml version="1.0" encoding="UTF-8"?>
<testsuite xmlns:xsi="http://www.w3.org/2001/XMLSchema-instance" xsi:noNamespaceSchemaLocation="https://maven.apache.org/surefire/maven-surefire-plugin/xsd/surefire-test-report-3.0.xsd" version="3.0" name="com.Freshness.HomePageTests.HomePageTest" time="69.245" tests="5" errors="0" skipped="0" failures="0">
  <properties>
[...]
</properties>
  <testcase name="createNewProduct" classname="com.Freshness.HomePageTests.HomePageTest" time="17.0">
    <system-out><![CDATA[Successfully entered value
Successfully entered value
Successfully entered value
]]></system-out>
    <system-err><![CDATA[SLF4J: Failed to load class "org.slf4j.impl.StaticLoggerBinder".
SLF4J: Defaulting to no-operation (NOP) logger implementation
SLF4J: See http://www.slf4j.org/codes.html#StaticLoggerBinder for further details.
Mar 23, 2024 10:39:04 AM org.openqa.selenium.devtools.CdpVersionFinder findNearestMatch
WARNING: Unable to find an exact match for CDP version 123, returning the closest version; found: 122; Please update to a Selenium version that supports CDP version 123
]]></system-err>
  </testcase>
  <testcase name="editeProduct" classname="com.Freshness.HomePageTests.HomePageTest" time="23.877">
    <system-out><![CDATA[Successfully entered value
]]></system-out>
    <system-err><![CDATA[Mar 23, 2024 10:39:23 AM org.openqa.selenium.devtools.CdpVersionFinder findNearestMatch
WARNING: Unable to find an exact match for CDP version 123, returning the closest version; found: 122; Please update to a Selenium version that supports CDP version 123
]]></system-err>
  </testcase>
  <testcase name="deleteProduct" classname="com.Freshness.HomePageTests.HomePageTest" time="6.257">
    <system-err><![CDATA[Mar 23, 2024 10:39:48 AM org.openqa.selenium.devtools.CdpVersionFinder findNearestMatch
WARNING: Unable to find an exact match for CDP version 123, returning the closest version; found: 122; Please update to a Selenium version that supports CDP version 123
]]></system-err>
  </testcase>
  <testcase name="searchForOneProduct" classname="com.Freshness.HomePageTests.HomePageTest" time="5.307">
    <system-out><![CDATA[Successfully entered value
]]></system-out>
    <system-err><![CDATA[Mar 23, 2024 10:39:56 AM org.openqa.selenium.devtools.CdpVersionFinder findNearestMatch
WARNING: Unable to find an exact match for CDP version 123, returning the closest version; found: 122; Please update to a Selenium version that supports CDP version 123
]]></system-err>
  </testcase>
  <testcase name="searchproduct" classname="com.Freshness.HomePageTests.HomePageTest" time="5.423">
    <system-out><![CDATA[Successfully entered value
]]></system-out>
    <system-err><![CDATA[Mar 23, 2024 10:40:04 AM org.openqa.selenium.devtools.CdpVersionFinder findNearestMatch
WARNING: Unable to find an exact match for CDP version 123, returning the closest version; found: 122; Please update to a Selenium version that supports CDP version 123
]]></system-err>
  </testcase>
</testsuite>